<?xml version='1.0'?>
<ns2:test-suite xmlns:ns2='urn:model.allure.qatools.yandex.ru' start='1635159223270' stop='1635159253171'>
    <name>Launch the Volvo Home Page</name>
    <title>Launch the Volvo Home Page</title>
    <test-cases>
        <test-case start='1635159223270' status='broken' stop='1635159239229'>
            <name>Verify the Service and Repair Page is launched</name>
            <title>Verify the Service and Repair Page is launched</title>
            <labels>
                <label name='language' value='javascript'/>
                <label name='framework' value='wdio'/>
                <label name='thread' value='0-0'/>
                <label name='language' value='javascript'/>
                <label name='framework' value='wdio'/>
                <label name='thread' value='0-0'/>
            </labels>
            <parameters>
                <parameter kind='argument' name='browser' value='chrome-95.0.4638.54'/>
                <parameter kind='argument' name='browser' value='chrome-95.0.4638.54'/>
            </parameters>
            <steps/>
            <attachments/>
            <failure>
                <message>element ("//h1[text()='We take service personally.']") still not displayed after 10000ms</message>
                <stack-trace>Error: element ("//h1[text()='We take service personally.']") still not displayed after 10000ms
                    at /Users/prabuselvan/Documents/Javascript-Projects/webdriverioAutomation/volvo/node_modules/webdriverio/build/commands/browser/waitUntil.js:66:23
                    at async Element.wrapCommandFn (/Users/prabuselvan/Documents/Javascript-Projects/webdriverioAutomation/volvo/node_modules/@wdio/utils/build/shim.js:131:29)
                    at async Element.elementErrorHandlerCallbackFn (/Users/prabuselvan/Documents/Javascript-Projects/webdriverioAutomation/volvo/node_modules/webdriverio/build/middlewares.js:24:32)
                    at async Element.wrapCommandFn (/Users/prabuselvan/Documents/Javascript-Projects/webdriverioAutomation/volvo/node_modules/@wdio/utils/build/shim.js:131:29)
                    at async Element.wrapCommandFn (/Users/prabuselvan/Documents/Javascript-Projects/webdriverioAutomation/volvo/node_modules/@wdio/utils/build/shim.js:131:29)
                    at async Element.elementErrorHandlerCallbackFn (/Users/prabuselvan/Documents/Javascript-Projects/webdriverioAutomation/volvo/node_modules/webdriverio/build/middlewares.js:24:32)
                    at async Element.wrapCommandFn (/Users/prabuselvan/Documents/Javascript-Projects/webdriverioAutomation/volvo/node_modules/@wdio/utils/build/shim.js:131:29)
                    at async Context.&lt;anonymous> (/Users/prabuselvan/Documents/Javascript-Projects/webdriverioAutomation/volvo/test/specs/example.e2e.js:86:9)</stack-trace>
            </failure>
        </test-case>
        <test-case start='1635159239230' status='broken' stop='1635159253170'>
            <name>Verify the Volvo Experience Page is launched</name>
            <title>Verify the Volvo Experience Page is launched</title>
            <labels>
                <label name='language' value='javascript'/>
                <label name='framework' value='wdio'/>
                <label name='thread' value='0-0'/>
                <label name='language' value='javascript'/>
                <label name='framework' value='wdio'/>
                <label name='thread' value='0-0'/>
            </labels>
            <parameters>
                <parameter kind='argument' name='browser' value='chrome-95.0.4638.54'/>
                <parameter kind='argument' name='browser' value='chrome-95.0.4638.54'/>
            </parameters>
            <steps/>
            <attachments/>
            <failure>
                <message>element ("//h2[text()='Volvo experience']") still not displayed after 10000ms</message>
                <stack-trace>Error: element ("//h2[text()='Volvo experience']") still not displayed after 10000ms
                    at /Users/prabuselvan/Documents/Javascript-Projects/webdriverioAutomation/volvo/node_modules/webdriverio/build/commands/browser/waitUntil.js:66:23
                    at async Element.wrapCommandFn (/Users/prabuselvan/Documents/Javascript-Projects/webdriverioAutomation/volvo/node_modules/@wdio/utils/build/shim.js:131:29)
                    at async Element.elementErrorHandlerCallbackFn (/Users/prabuselvan/Documents/Javascript-Projects/webdriverioAutomation/volvo/node_modules/webdriverio/build/middlewares.js:24:32)
                    at async Element.wrapCommandFn (/Users/prabuselvan/Documents/Javascript-Projects/webdriverioAutomation/volvo/node_modules/@wdio/utils/build/shim.js:131:29)
                    at async Element.wrapCommandFn (/Users/prabuselvan/Documents/Javascript-Projects/webdriverioAutomation/volvo/node_modules/@wdio/utils/build/shim.js:131:29)
                    at async Element.elementErrorHandlerCallbackFn (/Users/prabuselvan/Documents/Javascript-Projects/webdriverioAutomation/volvo/node_modules/webdriverio/build/middlewares.js:24:32)
                    at async Element.wrapCommandFn (/Users/prabuselvan/Documents/Javascript-Projects/webdriverioAutomation/volvo/node_modules/@wdio/utils/build/shim.js:131:29)
                    at async Context.&lt;anonymous> (/Users/prabuselvan/Documents/Javascript-Projects/webdriverioAutomation/volvo/test/specs/example.e2e.js:97:9)</stack-trace>
            </failure>
        </test-case>
    </test-cases>
</ns2:test-suite>